<?xml version="1.0" encoding="UTF-8"?>
<testng-results ignored="0" total="2" passed="2" failed="0" skipped="0">
  <reporter-output>
  </reporter-output>
  <suite started-at="2025-08-28T21:00:26 IST" name="Default suite" finished-at="2025-08-28T21:00:56 IST" duration-ms="29618">
    <groups>
    </groups>
    <test started-at="2025-08-28T21:00:26 IST" name="Default test" finished-at="2025-08-28T21:00:56 IST" duration-ms="29618">
      <class name="com.abdul.tests.test2">
        <test-method is-config="true" signature="setUp()[pri:0, instance:com.abdul.tests.test2@3bd82cf5]" started-at="2025-08-28T21:00:26 IST" name="setUp" finished-at="2025-08-28T21:00:36 IST" duration-ms="9753" status="PASS">
          <reporter-output>
          </reporter-output>
        </test-method> <!-- setUp -->
        <test-method signature="openGooglePage()[pri:0, instance:com.abdul.tests.test2@3bd82cf5]" started-at="2025-08-28T21:00:36 IST" name="openGooglePage" finished-at="2025-08-28T21:00:39 IST" duration-ms="3156" status="PASS">
          <reporter-output>
          </reporter-output>
        </test-method> <!-- openGooglePage -->
        <test-method is-config="true" signature="tearDown()[pri:0, instance:com.abdul.tests.test2@3bd82cf5]" started-at="2025-08-28T21:00:39 IST" name="tearDown" finished-at="2025-08-28T21:00:40 IST" duration-ms="1344" status="PASS">
          <reporter-output>
          </reporter-output>
        </test-method> <!-- tearDown -->
        <test-method is-config="true" signature="setUp()[pri:0, instance:com.abdul.tests.test2@3bd82cf5]" started-at="2025-08-28T21:00:40 IST" name="setUp" finished-at="2025-08-28T21:00:47 IST" duration-ms="7138" status="PASS">
          <reporter-output>
          </reporter-output>
        </test-method> <!-- setUp -->
        <test-method signature="openYouTubePage()[pri:0, instance:com.abdul.tests.test2@3bd82cf5]" started-at="2025-08-28T21:00:47 IST" name="openYouTubePage" finished-at="2025-08-28T21:00:54 IST" duration-ms="6577" status="PASS">
          <reporter-output>
          </reporter-output>
        </test-method> <!-- openYouTubePage -->
        <test-method is-config="true" signature="tearDown()[pri:0, instance:com.abdul.tests.test2@3bd82cf5]" started-at="2025-08-28T21:00:54 IST" name="tearDown" finished-at="2025-08-28T21:00:56 IST" duration-ms="1508" status="PASS">
          <reporter-output>
          </reporter-output>
        </test-method> <!-- tearDown -->
      </class> <!-- com.abdul.tests.test2 -->
    </test> <!-- Default test -->
  </suite> <!-- Default suite -->
</testng-results>
